<?xml version="1.0" encoding="UTF-8"?>
<!-- Generated by org.testng.reporters.JUnitXMLReporter -->
<testsuite ignored="0" hostname="MacBook-Pro.local" failures="2" tests="3" name="Test" time="0.066" errors="0" timestamp="2022-06-04T15:05:00 IST">
  <testcase classname="mytest.MyTest" name="test1" time="0.018">
    <failure type="java.lang.AssertionError" message="expected [true] but found [false]">
      <![CDATA[java.lang.AssertionError: expected [true] but found [false]
at mytest.MyTest.test1(MyTest.java:13)
at java.base/java.util.ArrayList.forEach(ArrayList.java:1511)
... Removed 33 stack frames]]>
    </failure>
  </testcase> <!-- test1 -->
  <testcase classname="mytest.MyTest" name="test2" time="0.001"/>
  <testcase classname="mytest.MyTest" name="test3" time="0.0">
    <failure type="java.lang.AssertionError" message="expected [true] but found [false]">
      <![CDATA[java.lang.AssertionError: expected [true] but found [false]
at mytest.MyTest.test3(MyTest.java:25)
at java.base/java.util.ArrayList.forEach(ArrayList.java:1511)
... Removed 33 stack frames]]>
    </failure>
  </testcase> <!-- test3 -->
</testsuite> <!-- Test -->
